<?xml version="1.0" encoding="UTF-8"?>
<testsuite xmlns:xsi="http://www.w3.org/2001/XMLSchema-instance" xsi:noNamespaceSchemaLocation="https://maven.apache.org/surefire/maven-surefire-plugin/xsd/surefire-test-report.xsd" version="3.0.2" name="io.github.aasaru.drools.section06.VisaIssueTest" time="1.496" tests="8" errors="0" skipped="0" failures="0">
  <properties>
    <property name="java.specification.version" value="21"/>
    <property name="sun.jnu.encoding" value="UTF-8"/>
    <property name="java.class.path" value="/home/shrikant/WORK-SPACE/DROOLS/Drools/drools-training/target/test-classes:/home/shrikant/WORK-SPACE/DROOLS/Drools/drools-training/target/classes:/home/shrikant/.m2/repository/org/kie/kie-api/10.0.0/kie-api-10.0.0.jar:/home/shrikant/.m2/repository/org/drools/drools-engine-classic/10.0.0/drools-engine-classic-10.0.0.jar:/home/shrikant/.m2/repository/org/drools/drools-core/10.0.0/drools-core-10.0.0.jar:/home/shrikant/.m2/repository/org/kie/kie-util-xml/10.0.0/kie-util-xml-10.0.0.jar:/home/shrikant/.m2/repository/org/drools/drools-base/10.0.0/drools-base-10.0.0.jar:/home/shrikant/.m2/repository/org/drools/drools-util/10.0.0/drools-util-10.0.0.jar:/home/shrikant/.m2/repository/org/drools/drools-wiring-static/10.0.0/drools-wiring-static-10.0.0.jar:/home/shrikant/.m2/repository/org/drools/drools-io/10.0.0/drools-io-10.0.0.jar:/home/shrikant/.m2/repository/commons-codec/commons-codec/1.16.1/commons-codec-1.16.1.jar:/home/shrikant/.m2/repository/org/drools/drools-wiring-dynamic/10.0.0/drools-wiring-dynamic-10.0.0.jar:/home/shrikant/.m2/repository/org/drools/drools-kiesession/10.0.0/drools-kiesession-10.0.0.jar:/home/shrikant/.m2/repository/org/drools/drools-compiler/10.0.0/drools-compiler-10.0.0.jar:/home/shrikant/.m2/repository/org/drools/drools-drl-parser/10.0.0/drools-drl-parser-10.0.0.jar:/home/shrikant/.m2/repository/org/drools/drools-drl-extensions/10.0.0/drools-drl-extensions-10.0.0.jar:/home/shrikant/.m2/repository/org/drools/drools-drl-ast/10.0.0/drools-drl-ast-10.0.0.jar:/home/shrikant/.m2/repository/org/kie/kie-memory-compiler/10.0.0/kie-memory-compiler-10.0.0.jar:/home/shrikant/.m2/repository/org/kie/kie-util-maven-support/10.0.0/kie-util-maven-support-10.0.0.jar:/home/shrikant/.m2/repository/org/antlr/antlr-runtime/3.5.2/antlr-runtime-3.5.2.jar:/home/shrikant/.m2/repository/org/drools/drools-mvel/10.0.0/drools-mvel-10.0.0.jar:/home/shrikant/.m2/repository/org/drools/drools-ecj/10.0.0/drools-ecj-10.0.0.jar:/home/shrikant/.m2/repository/org/eclipse/jdt/ecj/3.33.0/ecj-3.33.0.jar:/home/shrikant/.m2/repository/org/drools/drools-xml-support/10.0.0/drools-xml-support-10.0.0.jar:/home/shrikant/.m2/repository/com/thoughtworks/xstream/xstream/1.4.20/xstream-1.4.20.jar:/home/shrikant/.m2/repository/io/github/x-stream/mxparser/1.2.2/mxparser-1.2.2.jar:/home/shrikant/.m2/repository/xmlpull/xmlpull/1.1.3.1/xmlpull-1.1.3.1.jar:/home/shrikant/.m2/repository/org/drools/drools-commands/10.0.0/drools-commands-10.0.0.jar:/home/shrikant/.m2/repository/org/drools/drools-ruleunits-engine/10.0.0/drools-ruleunits-engine-10.0.0.jar:/home/shrikant/.m2/repository/org/drools/drools-ruleunits-dsl/10.0.0/drools-ruleunits-dsl-10.0.0.jar:/home/shrikant/.m2/repository/org/drools/drools-canonical-model/10.0.0/drools-canonical-model-10.0.0.jar:/home/shrikant/.m2/repository/org/drools/drools-model-compiler/10.0.0/drools-model-compiler-10.0.0.jar:/home/shrikant/.m2/repository/org/drools/drools-ruleunits-impl/10.0.0/drools-ruleunits-impl-10.0.0.jar:/home/shrikant/.m2/repository/org/drools/drools-ruleunits-api/10.0.0/drools-ruleunits-api-10.0.0.jar:/home/shrikant/.m2/repository/org/drools/drools-model-codegen/10.0.0/drools-model-codegen-10.0.0.jar:/home/shrikant/.m2/repository/org/drools/drools-codegen-common/10.0.0/drools-codegen-common-10.0.0.jar:/home/shrikant/.m2/repository/org/drools/drools-model-prototype/10.0.0/drools-model-prototype-10.0.0.jar:/home/shrikant/.m2/repository/com/github/javaparser/javaparser-core/3.25.8/javaparser-core-3.25.8.jar:/home/shrikant/.m2/repository/org/drools/drools-mvel-parser/10.0.0/drools-mvel-parser-10.0.0.jar:/home/shrikant/.m2/repository/org/drools/drools-mvel-compiler/10.0.0/drools-mvel-compiler-10.0.0.jar:/home/shrikant/.m2/repository/org/drools/drools-tms/10.0.0/drools-tms-10.0.0.jar:/home/shrikant/.m2/repository/org/drools/drools-wiring-api/10.0.0/drools-wiring-api-10.0.0.jar:/home/shrikant/.m2/repository/org/kie/kie-internal/10.0.0/kie-internal-10.0.0.jar:/home/shrikant/.m2/repository/org/slf4j/slf4j-api/2.0.16/slf4j-api-2.0.16.jar:/home/shrikant/.m2/repository/org/slf4j/slf4j-nop/2.0.16/slf4j-nop-2.0.16.jar:/home/shrikant/.m2/repository/org/mvel/mvel2/2.5.2.Final/mvel2-2.5.2.Final.jar:/home/shrikant/.m2/repository/org/junit/jupiter/junit-jupiter-engine/5.11.4/junit-jupiter-engine-5.11.4.jar:/home/shrikant/.m2/repository/org/junit/platform/junit-platform-engine/1.11.4/junit-platform-engine-1.11.4.jar:/home/shrikant/.m2/repository/org/apiguardian/apiguardian-api/1.1.2/apiguardian-api-1.1.2.jar:/home/shrikant/.m2/repository/org/junit/jupiter/junit-jupiter-api/5.11.4/junit-jupiter-api-5.11.4.jar:/home/shrikant/.m2/repository/org/opentest4j/opentest4j/1.3.0/opentest4j-1.3.0.jar:/home/shrikant/.m2/repository/org/junit/platform/junit-platform-commons/1.11.4/junit-platform-commons-1.11.4.jar:/home/shrikant/.m2/repository/org/hamcrest/hamcrest-all/1.3/hamcrest-all-1.3.jar:/home/shrikant/.m2/repository/org/assertj/assertj-core/3.27.0/assertj-core-3.27.0.jar:/home/shrikant/.m2/repository/net/bytebuddy/byte-buddy/1.15.11/byte-buddy-1.15.11.jar:"/>
    <property name="java.vm.vendor" value="JetBrains s.r.o."/>
    <property name="sun.arch.data.model" value="64"/>
    <property name="java.vendor.url" value="https://openjdk.org/"/>
    <property name="user.timezone" value="Asia/Kolkata"/>
    <property name="os.name" value="Linux"/>
    <property name="java.vm.specification.version" value="21"/>
    <property name="user.country" value="US"/>
    <property name="sun.java.launcher" value="SUN_STANDARD"/>
    <property name="sun.boot.library.path" value="/app/extra/idea-IC/jbr/lib"/>
    <property name="sun.java.command" value="/home/shrikant/WORK-SPACE/DROOLS/Drools/drools-training/target/surefire/surefirebooter-20250828112445565_3.jar /home/shrikant/WORK-SPACE/DROOLS/Drools/drools-training/target/surefire 2025-08-28T11-24-45_436-jvmRun1 surefire-20250828112445565_1tmp surefire_0-20250828112445565_2tmp"/>
    <property name="jdk.debug" value="release"/>
    <property name="surefire.test.class.path" value="/home/shrikant/WORK-SPACE/DROOLS/Drools/drools-training/target/test-classes:/home/shrikant/WORK-SPACE/DROOLS/Drools/drools-training/target/classes:/home/shrikant/.m2/repository/org/kie/kie-api/10.0.0/kie-api-10.0.0.jar:/home/shrikant/.m2/repository/org/drools/drools-engine-classic/10.0.0/drools-engine-classic-10.0.0.jar:/home/shrikant/.m2/repository/org/drools/drools-core/10.0.0/drools-core-10.0.0.jar:/home/shrikant/.m2/repository/org/kie/kie-util-xml/10.0.0/kie-util-xml-10.0.0.jar:/home/shrikant/.m2/repository/org/drools/drools-base/10.0.0/drools-base-10.0.0.jar:/home/shrikant/.m2/repository/org/drools/drools-util/10.0.0/drools-util-10.0.0.jar:/home/shrikant/.m2/repository/org/drools/drools-wiring-static/10.0.0/drools-wiring-static-10.0.0.jar:/home/shrikant/.m2/repository/org/drools/drools-io/10.0.0/drools-io-10.0.0.jar:/home/shrikant/.m2/repository/commons-codec/commons-codec/1.16.1/commons-codec-1.16.1.jar:/home/shrikant/.m2/repository/org/drools/drools-wiring-dynamic/10.0.0/drools-wiring-dynamic-10.0.0.jar:/home/shrikant/.m2/repository/org/drools/drools-kiesession/10.0.0/drools-kiesession-10.0.0.jar:/home/shrikant/.m2/repository/org/drools/drools-compiler/10.0.0/drools-compiler-10.0.0.jar:/home/shrikant/.m2/repository/org/drools/drools-drl-parser/10.0.0/drools-drl-parser-10.0.0.jar:/home/shrikant/.m2/repository/org/drools/drools-drl-extensions/10.0.0/drools-drl-extensions-10.0.0.jar:/home/shrikant/.m2/repository/org/drools/drools-drl-ast/10.0.0/drools-drl-ast-10.0.0.jar:/home/shrikant/.m2/repository/org/kie/kie-memory-compiler/10.0.0/kie-memory-compiler-10.0.0.jar:/home/shrikant/.m2/repository/org/kie/kie-util-maven-support/10.0.0/kie-util-maven-support-10.0.0.jar:/home/shrikant/.m2/repository/org/antlr/antlr-runtime/3.5.2/antlr-runtime-3.5.2.jar:/home/shrikant/.m2/repository/org/drools/drools-mvel/10.0.0/drools-mvel-10.0.0.jar:/home/shrikant/.m2/repository/org/drools/drools-ecj/10.0.0/drools-ecj-10.0.0.jar:/home/shrikant/.m2/repository/org/eclipse/jdt/ecj/3.33.0/ecj-3.33.0.jar:/home/shrikant/.m2/repository/org/drools/drools-xml-support/10.0.0/drools-xml-support-10.0.0.jar:/home/shrikant/.m2/repository/com/thoughtworks/xstream/xstream/1.4.20/xstream-1.4.20.jar:/home/shrikant/.m2/repository/io/github/x-stream/mxparser/1.2.2/mxparser-1.2.2.jar:/home/shrikant/.m2/repository/xmlpull/xmlpull/1.1.3.1/xmlpull-1.1.3.1.jar:/home/shrikant/.m2/repository/org/drools/drools-commands/10.0.0/drools-commands-10.0.0.jar:/home/shrikant/.m2/repository/org/drools/drools-ruleunits-engine/10.0.0/drools-ruleunits-engine-10.0.0.jar:/home/shrikant/.m2/repository/org/drools/drools-ruleunits-dsl/10.0.0/drools-ruleunits-dsl-10.0.0.jar:/home/shrikant/.m2/repository/org/drools/drools-canonical-model/10.0.0/drools-canonical-model-10.0.0.jar:/home/shrikant/.m2/repository/org/drools/drools-model-compiler/10.0.0/drools-model-compiler-10.0.0.jar:/home/shrikant/.m2/repository/org/drools/drools-ruleunits-impl/10.0.0/drools-ruleunits-impl-10.0.0.jar:/home/shrikant/.m2/repository/org/drools/drools-ruleunits-api/10.0.0/drools-ruleunits-api-10.0.0.jar:/home/shrikant/.m2/repository/org/drools/drools-model-codegen/10.0.0/drools-model-codegen-10.0.0.jar:/home/shrikant/.m2/repository/org/drools/drools-codegen-common/10.0.0/drools-codegen-common-10.0.0.jar:/home/shrikant/.m2/repository/org/drools/drools-model-prototype/10.0.0/drools-model-prototype-10.0.0.jar:/home/shrikant/.m2/repository/com/github/javaparser/javaparser-core/3.25.8/javaparser-core-3.25.8.jar:/home/shrikant/.m2/repository/org/drools/drools-mvel-parser/10.0.0/drools-mvel-parser-10.0.0.jar:/home/shrikant/.m2/repository/org/drools/drools-mvel-compiler/10.0.0/drools-mvel-compiler-10.0.0.jar:/home/shrikant/.m2/repository/org/drools/drools-tms/10.0.0/drools-tms-10.0.0.jar:/home/shrikant/.m2/repository/org/drools/drools-wiring-api/10.0.0/drools-wiring-api-10.0.0.jar:/home/shrikant/.m2/repository/org/kie/kie-internal/10.0.0/kie-internal-10.0.0.jar:/home/shrikant/.m2/repository/org/slf4j/slf4j-api/2.0.16/slf4j-api-2.0.16.jar:/home/shrikant/.m2/repository/org/slf4j/slf4j-nop/2.0.16/slf4j-nop-2.0.16.jar:/home/shrikant/.m2/repository/org/mvel/mvel2/2.5.2.Final/mvel2-2.5.2.Final.jar:/home/shrikant/.m2/repository/org/junit/jupiter/junit-jupiter-engine/5.11.4/junit-jupiter-engine-5.11.4.jar:/home/shrikant/.m2/repository/org/junit/platform/junit-platform-engine/1.11.4/junit-platform-engine-1.11.4.jar:/home/shrikant/.m2/repository/org/apiguardian/apiguardian-api/1.1.2/apiguardian-api-1.1.2.jar:/home/shrikant/.m2/repository/org/junit/jupiter/junit-jupiter-api/5.11.4/junit-jupiter-api-5.11.4.jar:/home/shrikant/.m2/repository/org/opentest4j/opentest4j/1.3.0/opentest4j-1.3.0.jar:/home/shrikant/.m2/repository/org/junit/platform/junit-platform-commons/1.11.4/junit-platform-commons-1.11.4.jar:/home/shrikant/.m2/repository/org/hamcrest/hamcrest-all/1.3/hamcrest-all-1.3.jar:/home/shrikant/.m2/repository/org/assertj/assertj-core/3.27.0/assertj-core-3.27.0.jar:/home/shrikant/.m2/repository/net/bytebuddy/byte-buddy/1.15.11/byte-buddy-1.15.11.jar:"/>
    <property name="sun.cpu.endian" value="little"/>
    <property name="user.home" value="/home/shrikant"/>
    <property name="user.language" value="en"/>
    <property name="java.specification.vendor" value="Oracle Corporation"/>
    <property name="java.version.date" value="2025-04-15"/>
    <property name="java.home" value="/app/extra/idea-IC/jbr"/>
    <property name="file.separator" value="/"/>
    <property name="basedir" value="/home/shrikant/WORK-SPACE/DROOLS/Drools/drools-training"/>
    <property name="style.color" value="always"/>
    <property name="java.vm.compressedOopsMode" value="Zero based"/>
    <property name="line.separator" value="&#10;"/>
    <property name="java.vm.specification.vendor" value="Oracle Corporation"/>
    <property name="java.specification.name" value="Java Platform API Specification"/>
    <property name="intellij.os.virtualization" value="none"/>
    <property name="jbr.virtualization.information" value="No virtualization detected"/>
    <property name="surefire.real.class.path" value="/home/shrikant/WORK-SPACE/DROOLS/Drools/drools-training/target/surefire/surefirebooter-20250828112445565_3.jar"/>
    <property name="sun.management.compiler" value="HotSpot 64-Bit Tiered Compilers"/>
    <property name="java.runtime.version" value="21.0.7+6-b1038.58"/>
    <property name="user.name" value="shrikant"/>
    <property name="stdout.encoding" value="UTF-8"/>
    <property name="awt.toolkit.name" value="XToolkit"/>
    <property name="path.separator" value=":"/>
    <property name="os.version" value="6.16.3-200.vanilla.fc42.x86_64"/>
    <property name="java.runtime.name" value="OpenJDK Runtime Environment"/>
    <property name="file.encoding" value="UTF-8"/>
    <property name="java.vm.name" value="OpenJDK 64-Bit Server VM"/>
    <property name="java.vendor.version" value="JBR-21.0.7+6-1038.58-jcef"/>
    <property name="maven.ext.class.path" value="/app/extra/idea-IC/plugins/maven/lib/maven-event-listener.jar"/>
    <property name="localRepository" value="/home/shrikant/.m2/repository"/>
    <property name="java.vendor.url.bug" value="https://bugreport.java.com/bugreport/"/>
    <property name="java.io.tmpdir" value="/tmp"/>
    <property name="idea.version" value="2025.2"/>
    <property name="java.version" value="21.0.7"/>
    <property name="user.dir" value="/home/shrikant/WORK-SPACE/DROOLS/Drools/drools-training"/>
    <property name="os.arch" value="amd64"/>
    <property name="jansi.passthrough" value="true"/>
    <property name="java.vm.specification.name" value="Java Virtual Machine Specification"/>
    <property name="mvel.debugger" value="false"/>
    <property name="native.encoding" value="UTF-8"/>
    <property name="java.library.path" value=":/usr/java/packages/lib:/usr/lib64:/lib64:/lib:/usr/lib"/>
    <property name="java.vm.info" value="mixed mode, sharing"/>
    <property name="stderr.encoding" value="UTF-8"/>
    <property name="java.vendor" value="JetBrains s.r.o."/>
    <property name="java.vm.version" value="21.0.7+6-b1038.58"/>
    <property name="sun.io.unicode.encoding" value="UnicodeLittle"/>
    <property name="java.class.version" value="65.0"/>
  </properties>
  <testcase name="testStep3_exactlyOneVisaIsIssued" classname="io.github.aasaru.drools.section06.VisaIssueTest" time="0.18">
    <system-out><![CDATA[Running step 3
==== DROOLS SESSION START ==== 
==> AgendaGroup 'issue-visa' pushed to stack 
==> AgendaGroup 'valid-application' pushed to stack 
==> AgendaGroup 'invalid-application' pushed to stack 
==> AgendaGroup 'valid-passport' pushed to stack 
==> AgendaGroup 'invalid-passport' pushed to stack 
Passport[no:CA-SARAH-1, name:Sarah Murphy] is INVALID because it is expired
Passport[no:CA-SIMON-2, name:Simon Murphy] is INVALID because it has no space for visa
==> AgendaGroup 'invalid-passport' popped from stack 
Passport[no:AU-EMILY-3, name:Emily Brown] is without validation info, consider OK for now
Passport[no:AU-JAMES-4, name:James Brown] is without validation info, consider OK for now
==> AgendaGroup 'valid-passport' popped from stack 
Set VisaApplication(#1, pass:CA-SARAH-1) invalid as Passport[no:CA-SARAH-1, name:Sarah Murphy] hasn't passed validation
Set VisaApplication(#2, pass:CA-SIMON-2) invalid as Passport[no:CA-SIMON-2, name:Simon Murphy] hasn't passed validation
Set VisaApplication(#4, pass:AU-JAMES-4) invalid as Passport[no:AU-JAMES-4, name:James Brown] not valid 6 months after visit
==> AgendaGroup 'invalid-application' popped from stack 
VisaApplication(#3, pass:AU-EMILY-3) is without validation info, consider OK for now
==> AgendaGroup 'valid-application' popped from stack 
Issue Visa[passport:AU-EMILY-3]
==> AgendaGroup 'issue-visa' popped from stack 
==== DROOLS SESSION END ==== 
== Visas from session == 
Visa[passport:AU-EMILY-3]
]]></system-out>
  </testcase>
  <testcase name="testStep2_exactlyOneVisaIsIssued" classname="io.github.aasaru.drools.section06.VisaIssueTest" time="0.139">
    <system-out><![CDATA[Running step 2
==== DROOLS SESSION START ==== 
Passport[no:CA-SARAH-1, name:Sarah Murphy] is INVALID because it is expired
Passport[no:CA-SIMON-2, name:Simon Murphy] is INVALID because it has no space for visa
Passport[no:AU-EMILY-3, name:Emily Brown] is without validation info, consider OK for now
Passport[no:AU-JAMES-4, name:James Brown] is without validation info, consider OK for now
Set VisaApplication(#1, pass:CA-SARAH-1) invalid as Passport[no:CA-SARAH-1, name:Sarah Murphy] hasn't passed validation
Set VisaApplication(#2, pass:CA-SIMON-2) invalid as Passport[no:CA-SIMON-2, name:Simon Murphy] hasn't passed validation
Set VisaApplication(#4, pass:AU-JAMES-4) invalid as Passport[no:AU-JAMES-4, name:James Brown] not valid 6 months after visit
VisaApplication(#3, pass:AU-EMILY-3) is without validation info, consider OK for now
Issue Visa[passport:AU-EMILY-3]
==== DROOLS SESSION END ==== 
== Visas from session == 
Visa[passport:AU-EMILY-3]
]]></system-out>
  </testcase>
  <testcase name="testStep4" classname="io.github.aasaru.drools.section06.VisaIssueTest" time="0.228">
    <system-out><![CDATA[Running step 4
==== DROOLS SESSION START ==== 
==> AgendaGroup 'issue-visa' pushed to stack 
==> AgendaGroup 'validate-application' pushed to stack 
==> AgendaGroup 'validate-passport' pushed to stack 
Passport[no:CA-SARAH-1, name:Sarah Murphy] is INVALID because it is expired
Passport[no:CA-SIMON-2, name:Simon Murphy] is INVALID because it has no space for visa
Passport[no:AU-EMILY-3, name:Emily Brown] is without validation info, consider OK for now
Passport[no:AU-JAMES-4, name:James Brown] is without validation info, consider OK for now
==> AgendaGroup 'validate-passport' popped from stack 
Set VisaApplication(#1, pass:CA-SARAH-1) invalid as Passport[no:CA-SARAH-1, name:Sarah Murphy] hasn't passed validation
Set VisaApplication(#2, pass:CA-SIMON-2) invalid as Passport[no:CA-SIMON-2, name:Simon Murphy] hasn't passed validation
Set VisaApplication(#4, pass:AU-JAMES-4) invalid as Passport[no:AU-JAMES-4, name:James Brown] not valid 6 months after visit
VisaApplication(#3, pass:AU-EMILY-3) is without validation info, consider OK for now
==> AgendaGroup 'validate-application' popped from stack 
Issue Visa[passport:AU-EMILY-3]
==> AgendaGroup 'issue-visa' popped from stack 
==== DROOLS SESSION END ==== 
== Visas from session == 
Visa[passport:AU-EMILY-3]
]]></system-out>
  </testcase>
  <testcase name="testStep6" classname="io.github.aasaru.drools.section06.VisaIssueTest" time="0.241">
    <system-out><![CDATA[Running step 6
==== DROOLS SESSION START ==== 
==> AgendaGroup 'validate-passport' pushed to stack 
Passport[no:CA-SARAH-1, name:Sarah Murphy] is INVALID because it is expired
Passport[no:CA-SIMON-2, name:Simon Murphy] is INVALID because it has no space for visa
Passport[no:AU-EMILY-3, name:Emily Brown] is without validation info, consider OK for now
Passport[no:AU-JAMES-4, name:James Brown] is without validation info, consider OK for now
==> AgendaGroup 'validate-passport' popped from stack 
There are no more passports without validation info
==> AgendaGroup 'validate-application' pushed to stack 
Set VisaApplication(#1, pass:CA-SARAH-1) invalid as Passport[no:CA-SARAH-1, name:Sarah Murphy] hasn't passed validation
Set VisaApplication(#2, pass:CA-SIMON-2) invalid as Passport[no:CA-SIMON-2, name:Simon Murphy] hasn't passed validation
Set VisaApplication(#4, pass:AU-JAMES-4) invalid as Passport[no:AU-JAMES-4, name:James Brown] not valid 6 months after visit
VisaApplication(#3, pass:AU-EMILY-3) is without validation info, consider OK for now
==> AgendaGroup 'validate-application' popped from stack 
There are no more visa applications without validation info
==> AgendaGroup 'issue-visa' pushed to stack 
Issue Visa[passport:AU-EMILY-3]
==> AgendaGroup 'issue-visa' popped from stack 
==== DROOLS SESSION END ==== 
== Visas from session == 
Visa[passport:AU-EMILY-3]
]]></system-out>
  </testcase>
  <testcase name="shouldExecuteAllSteps" classname="io.github.aasaru.drools.section06.VisaIssueTest" time="0.581">
    <system-out><![CDATA[Running step 1
==== DROOLS SESSION START ==== 
Passport[no:CA-SARAH-1, name:Sarah Murphy] is without validation info, consider OK for now
Passport[no:CA-SIMON-2, name:Simon Murphy] is without validation info, consider OK for now
Passport[no:AU-EMILY-3, name:Emily Brown] is without validation info, consider OK for now
Passport[no:AU-JAMES-4, name:James Brown] is without validation info, consider OK for now
Passport[no:CA-SARAH-1, name:Sarah Murphy] is INVALID because it is expired
Passport[no:CA-SIMON-2, name:Simon Murphy] is INVALID because it has no space for visa
Set VisaApplication(#1, pass:CA-SARAH-1) invalid as Passport[no:CA-SARAH-1, name:Sarah Murphy] hasn't passed validation
Set VisaApplication(#2, pass:CA-SIMON-2) invalid as Passport[no:CA-SIMON-2, name:Simon Murphy] hasn't passed validation
VisaApplication(#3, pass:AU-EMILY-3) is without validation info, consider OK for now
Issue Visa[passport:AU-EMILY-3]
VisaApplication(#4, pass:AU-JAMES-4) is without validation info, consider OK for now
Issue Visa[passport:AU-JAMES-4]
Set VisaApplication(#4, pass:AU-JAMES-4) invalid as Passport[no:AU-JAMES-4, name:James Brown] not valid 6 months after visit
==== DROOLS SESSION END ==== 
== Visas from session == 
Visa[passport:AU-EMILY-3]
Visa[passport:AU-JAMES-4]
Running step 2
==== DROOLS SESSION START ==== 
Passport[no:CA-SARAH-1, name:Sarah Murphy] is INVALID because it is expired
Passport[no:CA-SIMON-2, name:Simon Murphy] is INVALID because it has no space for visa
Passport[no:AU-EMILY-3, name:Emily Brown] is without validation info, consider OK for now
Passport[no:AU-JAMES-4, name:James Brown] is without validation info, consider OK for now
Set VisaApplication(#1, pass:CA-SARAH-1) invalid as Passport[no:CA-SARAH-1, name:Sarah Murphy] hasn't passed validation
Set VisaApplication(#2, pass:CA-SIMON-2) invalid as Passport[no:CA-SIMON-2, name:Simon Murphy] hasn't passed validation
Set VisaApplication(#4, pass:AU-JAMES-4) invalid as Passport[no:AU-JAMES-4, name:James Brown] not valid 6 months after visit
VisaApplication(#3, pass:AU-EMILY-3) is without validation info, consider OK for now
Issue Visa[passport:AU-EMILY-3]
==== DROOLS SESSION END ==== 
== Visas from session == 
Visa[passport:AU-EMILY-3]
Running step 3
==== DROOLS SESSION START ==== 
==> AgendaGroup 'issue-visa' pushed to stack 
==> AgendaGroup 'valid-application' pushed to stack 
==> AgendaGroup 'invalid-application' pushed to stack 
==> AgendaGroup 'valid-passport' pushed to stack 
==> AgendaGroup 'invalid-passport' pushed to stack 
Passport[no:CA-SARAH-1, name:Sarah Murphy] is INVALID because it is expired
Passport[no:CA-SIMON-2, name:Simon Murphy] is INVALID because it has no space for visa
==> AgendaGroup 'invalid-passport' popped from stack 
Passport[no:AU-EMILY-3, name:Emily Brown] is without validation info, consider OK for now
Passport[no:AU-JAMES-4, name:James Brown] is without validation info, consider OK for now
==> AgendaGroup 'valid-passport' popped from stack 
Set VisaApplication(#1, pass:CA-SARAH-1) invalid as Passport[no:CA-SARAH-1, name:Sarah Murphy] hasn't passed validation
Set VisaApplication(#2, pass:CA-SIMON-2) invalid as Passport[no:CA-SIMON-2, name:Simon Murphy] hasn't passed validation
Set VisaApplication(#4, pass:AU-JAMES-4) invalid as Passport[no:AU-JAMES-4, name:James Brown] not valid 6 months after visit
==> AgendaGroup 'invalid-application' popped from stack 
VisaApplication(#3, pass:AU-EMILY-3) is without validation info, consider OK for now
==> AgendaGroup 'valid-application' popped from stack 
Issue Visa[passport:AU-EMILY-3]
==> AgendaGroup 'issue-visa' popped from stack 
==== DROOLS SESSION END ==== 
== Visas from session == 
Visa[passport:AU-EMILY-3]
Running step 4
==== DROOLS SESSION START ==== 
==> AgendaGroup 'issue-visa' pushed to stack 
==> AgendaGroup 'validate-application' pushed to stack 
==> AgendaGroup 'validate-passport' pushed to stack 
Passport[no:CA-SARAH-1, name:Sarah Murphy] is INVALID because it is expired
Passport[no:CA-SIMON-2, name:Simon Murphy] is INVALID because it has no space for visa
Passport[no:AU-EMILY-3, name:Emily Brown] is without validation info, consider OK for now
Passport[no:AU-JAMES-4, name:James Brown] is without validation info, consider OK for now
==> AgendaGroup 'validate-passport' popped from stack 
Set VisaApplication(#1, pass:CA-SARAH-1) invalid as Passport[no:CA-SARAH-1, name:Sarah Murphy] hasn't passed validation
Set VisaApplication(#2, pass:CA-SIMON-2) invalid as Passport[no:CA-SIMON-2, name:Simon Murphy] hasn't passed validation
Set VisaApplication(#4, pass:AU-JAMES-4) invalid as Passport[no:AU-JAMES-4, name:James Brown] not valid 6 months after visit
VisaApplication(#3, pass:AU-EMILY-3) is without validation info, consider OK for now
==> AgendaGroup 'validate-application' popped from stack 
Issue Visa[passport:AU-EMILY-3]
==> AgendaGroup 'issue-visa' popped from stack 
==== DROOLS SESSION END ==== 
== Visas from session == 
Visa[passport:AU-EMILY-3]
Running step 5
Do you want to set all passports as expired? Enter 'yes' or 'no': Setting all passports as expired before Drools session starts
==== DROOLS SESSION START ==== 
==> AgendaGroup 'issue-visa' pushed to stack 
==> AgendaGroup 'validate-application' pushed to stack 
==> AgendaGroup 'validate-passport' pushed to stack 
Passport[no:CA-SARAH-1, name:Sarah Murphy] is INVALID because it is expired
Passport[no:CA-SIMON-2, name:Simon Murphy] is INVALID because it is expired
Passport[no:AU-EMILY-3, name:Emily Brown] is INVALID because it is expired
Passport[no:AU-JAMES-4, name:James Brown] is INVALID because it is expired
==> AgendaGroup 'validate-passport' popped from stack 
Set VisaApplication(#1, pass:CA-SARAH-1) invalid as Passport[no:CA-SARAH-1, name:Sarah Murphy] hasn't passed validation
Set VisaApplication(#2, pass:CA-SIMON-2) invalid as Passport[no:CA-SIMON-2, name:Simon Murphy] hasn't passed validation
Set VisaApplication(#3, pass:AU-EMILY-3) invalid as Passport[no:AU-EMILY-3, name:Emily Brown] hasn't passed validation
Set VisaApplication(#4, pass:AU-JAMES-4) invalid as Passport[no:AU-JAMES-4, name:James Brown] hasn't passed validation
==> AgendaGroup 'validate-application' popped from stack 
==> AgendaGroup 'issue-visa' popped from stack 
Conclusion: no visas were issued
==== DROOLS SESSION END ==== 
== Visas from session == 
Running step 6
==== DROOLS SESSION START ==== 
==> AgendaGroup 'validate-passport' pushed to stack 
Passport[no:CA-SARAH-1, name:Sarah Murphy] is INVALID because it is expired
Passport[no:CA-SIMON-2, name:Simon Murphy] is INVALID because it has no space for visa
Passport[no:AU-EMILY-3, name:Emily Brown] is without validation info, consider OK for now
Passport[no:AU-JAMES-4, name:James Brown] is without validation info, consider OK for now
==> AgendaGroup 'validate-passport' popped from stack 
There are no more passports without validation info
==> AgendaGroup 'validate-application' pushed to stack 
Set VisaApplication(#1, pass:CA-SARAH-1) invalid as Passport[no:CA-SARAH-1, name:Sarah Murphy] hasn't passed validation
Set VisaApplication(#2, pass:CA-SIMON-2) invalid as Passport[no:CA-SIMON-2, name:Simon Murphy] hasn't passed validation
Set VisaApplication(#4, pass:AU-JAMES-4) invalid as Passport[no:AU-JAMES-4, name:James Brown] not valid 6 months after visit
VisaApplication(#3, pass:AU-EMILY-3) is without validation info, consider OK for now
==> AgendaGroup 'validate-application' popped from stack 
There are no more visa applications without validation info
==> AgendaGroup 'issue-visa' pushed to stack 
Issue Visa[passport:AU-EMILY-3]
==> AgendaGroup 'issue-visa' popped from stack 
==== DROOLS SESSION END ==== 
== Visas from session == 
Visa[passport:AU-EMILY-3]
]]></system-out>
  </testcase>
  <testcase name="testStep1_ruleExecutionOrderAffectsResult_oneOrTwoOrFourVisasAreIssued" classname="io.github.aasaru.drools.section06.VisaIssueTest" time="0.049">
    <system-out><![CDATA[Running step 1
==== DROOLS SESSION START ==== 
Passport[no:CA-SARAH-1, name:Sarah Murphy] is without validation info, consider OK for now
Passport[no:CA-SIMON-2, name:Simon Murphy] is without validation info, consider OK for now
Passport[no:AU-EMILY-3, name:Emily Brown] is without validation info, consider OK for now
Passport[no:AU-JAMES-4, name:James Brown] is without validation info, consider OK for now
Passport[no:CA-SARAH-1, name:Sarah Murphy] is INVALID because it is expired
Passport[no:CA-SIMON-2, name:Simon Murphy] is INVALID because it has no space for visa
Set VisaApplication(#1, pass:CA-SARAH-1) invalid as Passport[no:CA-SARAH-1, name:Sarah Murphy] hasn't passed validation
Set VisaApplication(#2, pass:CA-SIMON-2) invalid as Passport[no:CA-SIMON-2, name:Simon Murphy] hasn't passed validation
VisaApplication(#3, pass:AU-EMILY-3) is without validation info, consider OK for now
Issue Visa[passport:AU-EMILY-3]
VisaApplication(#4, pass:AU-JAMES-4) is without validation info, consider OK for now
Issue Visa[passport:AU-JAMES-4]
Set VisaApplication(#4, pass:AU-JAMES-4) invalid as Passport[no:AU-JAMES-4, name:James Brown] not valid 6 months after visit
==== DROOLS SESSION END ==== 
== Visas from session == 
Visa[passport:AU-JAMES-4]
Visa[passport:AU-EMILY-3]
]]></system-out>
  </testcase>
  <testcase name="testStep5_yesAnswer" classname="io.github.aasaru.drools.section06.VisaIssueTest" time="0.015">
    <system-out><![CDATA[Running step 5
Do you want to set all passports as expired? Enter 'yes' or 'no': Setting all passports as expired before Drools session starts
==== DROOLS SESSION START ==== 
==> AgendaGroup 'issue-visa' pushed to stack 
==> AgendaGroup 'validate-application' pushed to stack 
==> AgendaGroup 'validate-passport' pushed to stack 
Passport[no:CA-SARAH-1, name:Sarah Murphy] is INVALID because it is expired
Passport[no:CA-SIMON-2, name:Simon Murphy] is INVALID because it is expired
Passport[no:AU-EMILY-3, name:Emily Brown] is INVALID because it is expired
Passport[no:AU-JAMES-4, name:James Brown] is INVALID because it is expired
==> AgendaGroup 'validate-passport' popped from stack 
Set VisaApplication(#1, pass:CA-SARAH-1) invalid as Passport[no:CA-SARAH-1, name:Sarah Murphy] hasn't passed validation
Set VisaApplication(#2, pass:CA-SIMON-2) invalid as Passport[no:CA-SIMON-2, name:Simon Murphy] hasn't passed validation
Set VisaApplication(#3, pass:AU-EMILY-3) invalid as Passport[no:AU-EMILY-3, name:Emily Brown] hasn't passed validation
Set VisaApplication(#4, pass:AU-JAMES-4) invalid as Passport[no:AU-JAMES-4, name:James Brown] hasn't passed validation
==> AgendaGroup 'validate-application' popped from stack 
==> AgendaGroup 'issue-visa' popped from stack 
Conclusion: no visas were issued
==== DROOLS SESSION END ==== 
== Visas from session == 
]]></system-out>
  </testcase>
  <testcase name="testStep5_noAnswer" classname="io.github.aasaru.drools.section06.VisaIssueTest" time="0.051">
    <system-out><![CDATA[Running step 5
Do you want to set all passports as expired? Enter 'yes' or 'no': ==== DROOLS SESSION START ==== 
==> AgendaGroup 'issue-visa' pushed to stack 
==> AgendaGroup 'validate-application' pushed to stack 
==> AgendaGroup 'validate-passport' pushed to stack 
Passport[no:CA-SARAH-1, name:Sarah Murphy] is INVALID because it is expired
Passport[no:CA-SIMON-2, name:Simon Murphy] is without validation info, consider OK for now
Passport[no:AU-EMILY-3, name:Emily Brown] is without validation info, consider OK for now
Passport[no:AU-JAMES-4, name:James Brown] is without validation info, consider OK for now
==> AgendaGroup 'validate-passport' popped from stack 
Set VisaApplication(#1, pass:CA-SARAH-1) invalid as Passport[no:CA-SARAH-1, name:Sarah Murphy] hasn't passed validation
Set VisaApplication(#4, pass:AU-JAMES-4) invalid as Passport[no:AU-JAMES-4, name:James Brown] not valid 6 months after visit
VisaApplication(#2, pass:CA-SIMON-2) is without validation info, consider OK for now
VisaApplication(#3, pass:AU-EMILY-3) is without validation info, consider OK for now
==> AgendaGroup 'validate-application' popped from stack 
Issue Visa[passport:CA-SIMON-2]
Issue Visa[passport:AU-EMILY-3]
==> AgendaGroup 'issue-visa' popped from stack 
Conclusion: at least one visa was issued
==== DROOLS SESSION END ==== 
== Visas from session == 
Visa[passport:AU-EMILY-3]
Visa[passport:CA-SIMON-2]
]]></system-out>
  </testcase>
</testsuite>