<?xml version="1.0" encoding="UTF-8"?>
<testsuite xmlns:xsi="http://www.w3.org/2001/XMLSchema-instance" xsi:noNamespaceSchemaLocation="https://maven.apache.org/surefire/maven-surefire-plugin/xsd/surefire-test-report.xsd" version="3.0.2" name="io.github.aasaru.droolsoopath.section08.FamilyVisaApplicationValidationOOTest" time="2.489" tests="7" errors="0" skipped="0" failures="0">
  <properties>
    <property name="java.specification.version" value="21"/>
    <property name="sun.jnu.encoding" value="UTF-8"/>
    <property name="java.class.path" value="/home/shrikant/WORK-SPACE/DROOLS/Drools/drools-training/target/test-classes:/home/shrikant/WORK-SPACE/DROOLS/Drools/drools-training/target/classes:/home/shrikant/.m2/repository/org/kie/kie-api/10.0.0/kie-api-10.0.0.jar:/home/shrikant/.m2/repository/org/drools/drools-engine-classic/10.0.0/drools-engine-classic-10.0.0.jar:/home/shrikant/.m2/repository/org/drools/drools-core/10.0.0/drools-core-10.0.0.jar:/home/shrikant/.m2/repository/org/kie/kie-util-xml/10.0.0/kie-util-xml-10.0.0.jar:/home/shrikant/.m2/repository/org/drools/drools-base/10.0.0/drools-base-10.0.0.jar:/home/shrikant/.m2/repository/org/drools/drools-util/10.0.0/drools-util-10.0.0.jar:/home/shrikant/.m2/repository/org/drools/drools-wiring-static/10.0.0/drools-wiring-static-10.0.0.jar:/home/shrikant/.m2/repository/org/drools/drools-io/10.0.0/drools-io-10.0.0.jar:/home/shrikant/.m2/repository/commons-codec/commons-codec/1.16.1/commons-codec-1.16.1.jar:/home/shrikant/.m2/repository/org/drools/drools-wiring-dynamic/10.0.0/drools-wiring-dynamic-10.0.0.jar:/home/shrikant/.m2/repository/org/drools/drools-kiesession/10.0.0/drools-kiesession-10.0.0.jar:/home/shrikant/.m2/repository/org/drools/drools-compiler/10.0.0/drools-compiler-10.0.0.jar:/home/shrikant/.m2/repository/org/drools/drools-drl-parser/10.0.0/drools-drl-parser-10.0.0.jar:/home/shrikant/.m2/repository/org/drools/drools-drl-extensions/10.0.0/drools-drl-extensions-10.0.0.jar:/home/shrikant/.m2/repository/org/drools/drools-drl-ast/10.0.0/drools-drl-ast-10.0.0.jar:/home/shrikant/.m2/repository/org/kie/kie-memory-compiler/10.0.0/kie-memory-compiler-10.0.0.jar:/home/shrikant/.m2/repository/org/kie/kie-util-maven-support/10.0.0/kie-util-maven-support-10.0.0.jar:/home/shrikant/.m2/repository/org/antlr/antlr-runtime/3.5.2/antlr-runtime-3.5.2.jar:/home/shrikant/.m2/repository/org/drools/drools-mvel/10.0.0/drools-mvel-10.0.0.jar:/home/shrikant/.m2/repository/org/drools/drools-ecj/10.0.0/drools-ecj-10.0.0.jar:/home/shrikant/.m2/repository/org/eclipse/jdt/ecj/3.33.0/ecj-3.33.0.jar:/home/shrikant/.m2/repository/org/drools/drools-xml-support/10.0.0/drools-xml-support-10.0.0.jar:/home/shrikant/.m2/repository/com/thoughtworks/xstream/xstream/1.4.20/xstream-1.4.20.jar:/home/shrikant/.m2/repository/io/github/x-stream/mxparser/1.2.2/mxparser-1.2.2.jar:/home/shrikant/.m2/repository/xmlpull/xmlpull/1.1.3.1/xmlpull-1.1.3.1.jar:/home/shrikant/.m2/repository/org/drools/drools-commands/10.0.0/drools-commands-10.0.0.jar:/home/shrikant/.m2/repository/org/drools/drools-ruleunits-engine/10.0.0/drools-ruleunits-engine-10.0.0.jar:/home/shrikant/.m2/repository/org/drools/drools-ruleunits-dsl/10.0.0/drools-ruleunits-dsl-10.0.0.jar:/home/shrikant/.m2/repository/org/drools/drools-canonical-model/10.0.0/drools-canonical-model-10.0.0.jar:/home/shrikant/.m2/repository/org/drools/drools-model-compiler/10.0.0/drools-model-compiler-10.0.0.jar:/home/shrikant/.m2/repository/org/drools/drools-ruleunits-impl/10.0.0/drools-ruleunits-impl-10.0.0.jar:/home/shrikant/.m2/repository/org/drools/drools-ruleunits-api/10.0.0/drools-ruleunits-api-10.0.0.jar:/home/shrikant/.m2/repository/org/drools/drools-model-codegen/10.0.0/drools-model-codegen-10.0.0.jar:/home/shrikant/.m2/repository/org/drools/drools-codegen-common/10.0.0/drools-codegen-common-10.0.0.jar:/home/shrikant/.m2/repository/org/drools/drools-model-prototype/10.0.0/drools-model-prototype-10.0.0.jar:/home/shrikant/.m2/repository/com/github/javaparser/javaparser-core/3.25.8/javaparser-core-3.25.8.jar:/home/shrikant/.m2/repository/org/drools/drools-mvel-parser/10.0.0/drools-mvel-parser-10.0.0.jar:/home/shrikant/.m2/repository/org/drools/drools-mvel-compiler/10.0.0/drools-mvel-compiler-10.0.0.jar:/home/shrikant/.m2/repository/org/drools/drools-tms/10.0.0/drools-tms-10.0.0.jar:/home/shrikant/.m2/repository/org/drools/drools-wiring-api/10.0.0/drools-wiring-api-10.0.0.jar:/home/shrikant/.m2/repository/org/kie/kie-internal/10.0.0/kie-internal-10.0.0.jar:/home/shrikant/.m2/repository/org/slf4j/slf4j-api/2.0.16/slf4j-api-2.0.16.jar:/home/shrikant/.m2/repository/org/slf4j/slf4j-nop/2.0.16/slf4j-nop-2.0.16.jar:/home/shrikant/.m2/repository/org/mvel/mvel2/2.5.2.Final/mvel2-2.5.2.Final.jar:/home/shrikant/.m2/repository/org/junit/jupiter/junit-jupiter-engine/5.11.4/junit-jupiter-engine-5.11.4.jar:/home/shrikant/.m2/repository/org/junit/platform/junit-platform-engine/1.11.4/junit-platform-engine-1.11.4.jar:/home/shrikant/.m2/repository/org/apiguardian/apiguardian-api/1.1.2/apiguardian-api-1.1.2.jar:/home/shrikant/.m2/repository/org/junit/jupiter/junit-jupiter-api/5.11.4/junit-jupiter-api-5.11.4.jar:/home/shrikant/.m2/repository/org/opentest4j/opentest4j/1.3.0/opentest4j-1.3.0.jar:/home/shrikant/.m2/repository/org/junit/platform/junit-platform-commons/1.11.4/junit-platform-commons-1.11.4.jar:/home/shrikant/.m2/repository/org/hamcrest/hamcrest-all/1.3/hamcrest-all-1.3.jar:/home/shrikant/.m2/repository/org/assertj/assertj-core/3.27.0/assertj-core-3.27.0.jar:/home/shrikant/.m2/repository/net/bytebuddy/byte-buddy/1.15.11/byte-buddy-1.15.11.jar:"/>
    <property name="java.vm.vendor" value="JetBrains s.r.o."/>
    <property name="sun.arch.data.model" value="64"/>
    <property name="java.vendor.url" value="https://openjdk.org/"/>
    <property name="user.timezone" value="Asia/Kolkata"/>
    <property name="os.name" value="Linux"/>
    <property name="java.vm.specification.version" value="21"/>
    <property name="user.country" value="US"/>
    <property name="sun.java.launcher" value="SUN_STANDARD"/>
    <property name="sun.boot.library.path" value="/app/extra/idea-IC/jbr/lib"/>
    <property name="sun.java.command" value="/home/shrikant/WORK-SPACE/DROOLS/Drools/drools-training/target/surefire/surefirebooter-20250828112445565_3.jar /home/shrikant/WORK-SPACE/DROOLS/Drools/drools-training/target/surefire 2025-08-28T11-24-45_436-jvmRun1 surefire-20250828112445565_1tmp surefire_0-20250828112445565_2tmp"/>
    <property name="jdk.debug" value="release"/>
    <property name="surefire.test.class.path" value="/home/shrikant/WORK-SPACE/DROOLS/Drools/drools-training/target/test-classes:/home/shrikant/WORK-SPACE/DROOLS/Drools/drools-training/target/classes:/home/shrikant/.m2/repository/org/kie/kie-api/10.0.0/kie-api-10.0.0.jar:/home/shrikant/.m2/repository/org/drools/drools-engine-classic/10.0.0/drools-engine-classic-10.0.0.jar:/home/shrikant/.m2/repository/org/drools/drools-core/10.0.0/drools-core-10.0.0.jar:/home/shrikant/.m2/repository/org/kie/kie-util-xml/10.0.0/kie-util-xml-10.0.0.jar:/home/shrikant/.m2/repository/org/drools/drools-base/10.0.0/drools-base-10.0.0.jar:/home/shrikant/.m2/repository/org/drools/drools-util/10.0.0/drools-util-10.0.0.jar:/home/shrikant/.m2/repository/org/drools/drools-wiring-static/10.0.0/drools-wiring-static-10.0.0.jar:/home/shrikant/.m2/repository/org/drools/drools-io/10.0.0/drools-io-10.0.0.jar:/home/shrikant/.m2/repository/commons-codec/commons-codec/1.16.1/commons-codec-1.16.1.jar:/home/shrikant/.m2/repository/org/drools/drools-wiring-dynamic/10.0.0/drools-wiring-dynamic-10.0.0.jar:/home/shrikant/.m2/repository/org/drools/drools-kiesession/10.0.0/drools-kiesession-10.0.0.jar:/home/shrikant/.m2/repository/org/drools/drools-compiler/10.0.0/drools-compiler-10.0.0.jar:/home/shrikant/.m2/repository/org/drools/drools-drl-parser/10.0.0/drools-drl-parser-10.0.0.jar:/home/shrikant/.m2/repository/org/drools/drools-drl-extensions/10.0.0/drools-drl-extensions-10.0.0.jar:/home/shrikant/.m2/repository/org/drools/drools-drl-ast/10.0.0/drools-drl-ast-10.0.0.jar:/home/shrikant/.m2/repository/org/kie/kie-memory-compiler/10.0.0/kie-memory-compiler-10.0.0.jar:/home/shrikant/.m2/repository/org/kie/kie-util-maven-support/10.0.0/kie-util-maven-support-10.0.0.jar:/home/shrikant/.m2/repository/org/antlr/antlr-runtime/3.5.2/antlr-runtime-3.5.2.jar:/home/shrikant/.m2/repository/org/drools/drools-mvel/10.0.0/drools-mvel-10.0.0.jar:/home/shrikant/.m2/repository/org/drools/drools-ecj/10.0.0/drools-ecj-10.0.0.jar:/home/shrikant/.m2/repository/org/eclipse/jdt/ecj/3.33.0/ecj-3.33.0.jar:/home/shrikant/.m2/repository/org/drools/drools-xml-support/10.0.0/drools-xml-support-10.0.0.jar:/home/shrikant/.m2/repository/com/thoughtworks/xstream/xstream/1.4.20/xstream-1.4.20.jar:/home/shrikant/.m2/repository/io/github/x-stream/mxparser/1.2.2/mxparser-1.2.2.jar:/home/shrikant/.m2/repository/xmlpull/xmlpull/1.1.3.1/xmlpull-1.1.3.1.jar:/home/shrikant/.m2/repository/org/drools/drools-commands/10.0.0/drools-commands-10.0.0.jar:/home/shrikant/.m2/repository/org/drools/drools-ruleunits-engine/10.0.0/drools-ruleunits-engine-10.0.0.jar:/home/shrikant/.m2/repository/org/drools/drools-ruleunits-dsl/10.0.0/drools-ruleunits-dsl-10.0.0.jar:/home/shrikant/.m2/repository/org/drools/drools-canonical-model/10.0.0/drools-canonical-model-10.0.0.jar:/home/shrikant/.m2/repository/org/drools/drools-model-compiler/10.0.0/drools-model-compiler-10.0.0.jar:/home/shrikant/.m2/repository/org/drools/drools-ruleunits-impl/10.0.0/drools-ruleunits-impl-10.0.0.jar:/home/shrikant/.m2/repository/org/drools/drools-ruleunits-api/10.0.0/drools-ruleunits-api-10.0.0.jar:/home/shrikant/.m2/repository/org/drools/drools-model-codegen/10.0.0/drools-model-codegen-10.0.0.jar:/home/shrikant/.m2/repository/org/drools/drools-codegen-common/10.0.0/drools-codegen-common-10.0.0.jar:/home/shrikant/.m2/repository/org/drools/drools-model-prototype/10.0.0/drools-model-prototype-10.0.0.jar:/home/shrikant/.m2/repository/com/github/javaparser/javaparser-core/3.25.8/javaparser-core-3.25.8.jar:/home/shrikant/.m2/repository/org/drools/drools-mvel-parser/10.0.0/drools-mvel-parser-10.0.0.jar:/home/shrikant/.m2/repository/org/drools/drools-mvel-compiler/10.0.0/drools-mvel-compiler-10.0.0.jar:/home/shrikant/.m2/repository/org/drools/drools-tms/10.0.0/drools-tms-10.0.0.jar:/home/shrikant/.m2/repository/org/drools/drools-wiring-api/10.0.0/drools-wiring-api-10.0.0.jar:/home/shrikant/.m2/repository/org/kie/kie-internal/10.0.0/kie-internal-10.0.0.jar:/home/shrikant/.m2/repository/org/slf4j/slf4j-api/2.0.16/slf4j-api-2.0.16.jar:/home/shrikant/.m2/repository/org/slf4j/slf4j-nop/2.0.16/slf4j-nop-2.0.16.jar:/home/shrikant/.m2/repository/org/mvel/mvel2/2.5.2.Final/mvel2-2.5.2.Final.jar:/home/shrikant/.m2/repository/org/junit/jupiter/junit-jupiter-engine/5.11.4/junit-jupiter-engine-5.11.4.jar:/home/shrikant/.m2/repository/org/junit/platform/junit-platform-engine/1.11.4/junit-platform-engine-1.11.4.jar:/home/shrikant/.m2/repository/org/apiguardian/apiguardian-api/1.1.2/apiguardian-api-1.1.2.jar:/home/shrikant/.m2/repository/org/junit/jupiter/junit-jupiter-api/5.11.4/junit-jupiter-api-5.11.4.jar:/home/shrikant/.m2/repository/org/opentest4j/opentest4j/1.3.0/opentest4j-1.3.0.jar:/home/shrikant/.m2/repository/org/junit/platform/junit-platform-commons/1.11.4/junit-platform-commons-1.11.4.jar:/home/shrikant/.m2/repository/org/hamcrest/hamcrest-all/1.3/hamcrest-all-1.3.jar:/home/shrikant/.m2/repository/org/assertj/assertj-core/3.27.0/assertj-core-3.27.0.jar:/home/shrikant/.m2/repository/net/bytebuddy/byte-buddy/1.15.11/byte-buddy-1.15.11.jar:"/>
    <property name="sun.cpu.endian" value="little"/>
    <property name="user.home" value="/home/shrikant"/>
    <property name="user.language" value="en"/>
    <property name="java.specification.vendor" value="Oracle Corporation"/>
    <property name="java.version.date" value="2025-04-15"/>
    <property name="java.home" value="/app/extra/idea-IC/jbr"/>
    <property name="file.separator" value="/"/>
    <property name="basedir" value="/home/shrikant/WORK-SPACE/DROOLS/Drools/drools-training"/>
    <property name="style.color" value="always"/>
    <property name="java.vm.compressedOopsMode" value="Zero based"/>
    <property name="line.separator" value="&#10;"/>
    <property name="java.vm.specification.vendor" value="Oracle Corporation"/>
    <property name="java.specification.name" value="Java Platform API Specification"/>
    <property name="intellij.os.virtualization" value="none"/>
    <property name="jbr.virtualization.information" value="No virtualization detected"/>
    <property name="surefire.real.class.path" value="/home/shrikant/WORK-SPACE/DROOLS/Drools/drools-training/target/surefire/surefirebooter-20250828112445565_3.jar"/>
    <property name="sun.management.compiler" value="HotSpot 64-Bit Tiered Compilers"/>
    <property name="java.runtime.version" value="21.0.7+6-b1038.58"/>
    <property name="user.name" value="shrikant"/>
    <property name="stdout.encoding" value="UTF-8"/>
    <property name="awt.toolkit.name" value="XToolkit"/>
    <property name="path.separator" value=":"/>
    <property name="os.version" value="6.16.3-200.vanilla.fc42.x86_64"/>
    <property name="java.runtime.name" value="OpenJDK Runtime Environment"/>
    <property name="file.encoding" value="UTF-8"/>
    <property name="java.vm.name" value="OpenJDK 64-Bit Server VM"/>
    <property name="java.vendor.version" value="JBR-21.0.7+6-1038.58-jcef"/>
    <property name="maven.ext.class.path" value="/app/extra/idea-IC/plugins/maven/lib/maven-event-listener.jar"/>
    <property name="localRepository" value="/home/shrikant/.m2/repository"/>
    <property name="java.vendor.url.bug" value="https://bugreport.java.com/bugreport/"/>
    <property name="java.io.tmpdir" value="/tmp"/>
    <property name="idea.version" value="2025.2"/>
    <property name="java.version" value="21.0.7"/>
    <property name="user.dir" value="/home/shrikant/WORK-SPACE/DROOLS/Drools/drools-training"/>
    <property name="os.arch" value="amd64"/>
    <property name="jansi.passthrough" value="true"/>
    <property name="java.vm.specification.name" value="Java Virtual Machine Specification"/>
    <property name="mvel.debugger" value="false"/>
    <property name="native.encoding" value="UTF-8"/>
    <property name="java.library.path" value=":/usr/java/packages/lib:/usr/lib64:/lib64:/lib:/usr/lib"/>
    <property name="java.vm.info" value="mixed mode, sharing"/>
    <property name="stderr.encoding" value="UTF-8"/>
    <property name="java.vendor" value="JetBrains s.r.o."/>
    <property name="java.vm.version" value="21.0.7+6-b1038.58"/>
    <property name="sun.io.unicode.encoding" value="UnicodeLittle"/>
    <property name="java.class.version" value="65.0"/>
  </properties>
  <testcase name="testStep3_makeEveryone3yearsYounger_bothVisaApplicationsAreMarkedInvalid" classname="io.github.aasaru.droolsoopath.section08.FamilyVisaApplicationValidationOOTest" time="0.566">
    <system-out><![CDATA[Running step 3
Do you want to make everyone 3 years younger? Enter 'yes' or 'no': Making everyone 3 years younger
Passport[no:CA-SARAH-1, name:Sarah Murphy] is now 47
Passport[no:CA-SIMON-2, name:Simon Murphy] is now 9
Passport[no:AU-EMILY-3, name:Emily Brown] is now 13
Passport[no:AU-JAMES-4, name:James Brown] is now 14
==== DROOLS SESSION START ==== 
Passport[no:CA-SARAH-1, name:Sarah Murphy] is INVALID because it is expired
Passport[no:CA-SIMON-2, name:Simon Murphy] is INVALID because it has no space for visa
Issue visa for passport number CA-SARAH-1
Issue visa for passport number CA-SIMON-2
Issue visa for passport number AU-EMILY-3
Issue visa for passport number AU-JAMES-4
Set FamilyVisaApplication[#10, CA-SARAH-1,CA-SIMON-2] invalid as it contains invalid passport
Set FamilyVisaApplication[#11, AU-EMILY-3,AU-JAMES-4] invalid as everyone is younger than 16
==== DROOLS SESSION END ==== 
==== INVALID FAMILY VISA APPLICATIONS FROM RULE UNIT === 
Invalid:FamilyVisaApplication[#10, CA-SARAH-1,CA-SIMON-2]
Invalid:FamilyVisaApplication[#11, AU-EMILY-3,AU-JAMES-4]
== Visas from rule unit == 
== Group leaders from rule unit == 
]]></system-out>
  </testcase>
  <testcase name="test_runStep1_invalidVisaApplication10isFoundTwoTimes" classname="io.github.aasaru.droolsoopath.section08.FamilyVisaApplicationValidationOOTest" time="0.527">
    <system-out><![CDATA[Running step 1
==== DROOLS SESSION START ==== 
Issue visa for passport number CA-SARAH-1
Issue visa for passport number CA-SIMON-2
Issue visa for passport number AU-EMILY-3
Issue visa for passport number AU-JAMES-4
Passport[no:CA-SARAH-1, name:Sarah Murphy] is INVALID because it is expired
Passport[no:CA-SIMON-2, name:Simon Murphy] is INVALID because it has no space for visa
Set FamilyVisaApplication[#10, CA-SARAH-1,CA-SIMON-2] invalid as it contains invalid passport
Set FamilyVisaApplication[#10, CA-SARAH-1,CA-SIMON-2] invalid as it contains invalid passport
==== DROOLS SESSION END ==== 
==== INVALID FAMILY VISA APPLICATIONS FROM RULE UNIT === 
Invalid:FamilyVisaApplication[#10, CA-SARAH-1,CA-SIMON-2]
Invalid:FamilyVisaApplication[#10, CA-SARAH-1,CA-SIMON-2]
== Visas from rule unit == 
Visa[passport:AU-EMILY-3]
Visa[passport:AU-JAMES-4]
== Group leaders from rule unit == 
]]></system-out>
  </testcase>
  <testcase name="shouldExecuteAllSteps" classname="io.github.aasaru.droolsoopath.section08.FamilyVisaApplicationValidationOOTest" time="0.959">
    <system-out><![CDATA[Running step 1
==== DROOLS SESSION START ==== 
Issue visa for passport number CA-SARAH-1
Issue visa for passport number CA-SIMON-2
Issue visa for passport number AU-EMILY-3
Issue visa for passport number AU-JAMES-4
Passport[no:CA-SARAH-1, name:Sarah Murphy] is INVALID because it is expired
Passport[no:CA-SIMON-2, name:Simon Murphy] is INVALID because it has no space for visa
Set FamilyVisaApplication[#10, CA-SARAH-1,CA-SIMON-2] invalid as it contains invalid passport
Set FamilyVisaApplication[#10, CA-SARAH-1,CA-SIMON-2] invalid as it contains invalid passport
==== DROOLS SESSION END ==== 
==== INVALID FAMILY VISA APPLICATIONS FROM RULE UNIT === 
Invalid:FamilyVisaApplication[#10, CA-SARAH-1,CA-SIMON-2]
Invalid:FamilyVisaApplication[#10, CA-SARAH-1,CA-SIMON-2]
== Visas from rule unit == 
Visa[passport:AU-EMILY-3]
Visa[passport:AU-JAMES-4]
== Group leaders from rule unit == 
Running step 2
==== DROOLS SESSION START ==== 
Passport[no:CA-SARAH-1, name:Sarah Murphy] is INVALID because it is expired
Set FamilyVisaApplication[#10, CA-SARAH-1,CA-SIMON-2] invalid as it contains invalid passport
Passport[no:CA-SIMON-2, name:Simon Murphy] is INVALID because it has no space for visa
Issue visa for passport number AU-EMILY-3
Issue visa for passport number AU-JAMES-4
==== DROOLS SESSION END ==== 
==== INVALID FAMILY VISA APPLICATIONS FROM RULE UNIT === 
Invalid:FamilyVisaApplication[#10, CA-SARAH-1,CA-SIMON-2]
== Visas from rule unit == 
Visa[passport:AU-EMILY-3]
Visa[passport:AU-JAMES-4]
== Group leaders from rule unit == 
Running step 3
Do you want to make everyone 3 years younger? Enter 'yes' or 'no': Making everyone 3 years younger
Passport[no:CA-SARAH-1, name:Sarah Murphy] is now 47
Passport[no:CA-SIMON-2, name:Simon Murphy] is now 9
Passport[no:AU-EMILY-3, name:Emily Brown] is now 13
Passport[no:AU-JAMES-4, name:James Brown] is now 14
==== DROOLS SESSION START ==== 
Passport[no:CA-SARAH-1, name:Sarah Murphy] is INVALID because it is expired
Passport[no:CA-SIMON-2, name:Simon Murphy] is INVALID because it has no space for visa
Issue visa for passport number CA-SARAH-1
Issue visa for passport number CA-SIMON-2
Issue visa for passport number AU-EMILY-3
Issue visa for passport number AU-JAMES-4
Set FamilyVisaApplication[#10, CA-SARAH-1,CA-SIMON-2] invalid as it contains invalid passport
Set FamilyVisaApplication[#11, AU-EMILY-3,AU-JAMES-4] invalid as everyone is younger than 16
==== DROOLS SESSION END ==== 
==== INVALID FAMILY VISA APPLICATIONS FROM RULE UNIT === 
Invalid:FamilyVisaApplication[#10, CA-SARAH-1,CA-SIMON-2]
Invalid:FamilyVisaApplication[#11, AU-EMILY-3,AU-JAMES-4]
== Visas from rule unit == 
== Group leaders from rule unit == 
Running step 4
==== DROOLS SESSION START ==== 
Issue visa for passport number CA-SARAH-1
Issue visa for passport number CA-SIMON-2
Issue visa for passport number AU-EMILY-3
Issue visa for passport number AU-JAMES-4
Set Passport[no:AU-JAMES-4, name:James Brown] as group leader as the oldest person in group
Passport[no:CA-SARAH-1, name:Sarah Murphy] is INVALID because it is expired
Set FamilyVisaApplication[#10, CA-SARAH-1,CA-SIMON-2] invalid as it contains invalid passport
Passport[no:CA-SIMON-2, name:Simon Murphy] is INVALID because it has no space for visa
==== DROOLS SESSION END ==== 
==== INVALID FAMILY VISA APPLICATIONS FROM RULE UNIT === 
Invalid:FamilyVisaApplication[#10, CA-SARAH-1,CA-SIMON-2]
== Visas from rule unit == 
Visa[passport:AU-EMILY-3]
Visa[passport:AU-JAMES-4]
== Group leaders from rule unit == 
Visa Application #11 group leader is James Brown
]]></system-out>
  </testcase>
  <testcase name="testStep3_doNotMakeAnyoneYounger_visaApplication11isNotMarkedInvalid" classname="io.github.aasaru.droolsoopath.section08.FamilyVisaApplicationValidationOOTest" time="0.007">
    <system-out><![CDATA[Running step 3
Do you want to make everyone 3 years younger? Enter 'yes' or 'no': ==== DROOLS SESSION START ==== 
Passport[no:CA-SARAH-1, name:Sarah Murphy] is INVALID because it is expired
Passport[no:CA-SIMON-2, name:Simon Murphy] is INVALID because it has no space for visa
Issue visa for passport number CA-SARAH-1
Issue visa for passport number CA-SIMON-2
Issue visa for passport number AU-EMILY-3
Issue visa for passport number AU-JAMES-4
Set FamilyVisaApplication[#10, CA-SARAH-1,CA-SIMON-2] invalid as it contains invalid passport
==== DROOLS SESSION END ==== 
==== INVALID FAMILY VISA APPLICATIONS FROM RULE UNIT === 
Invalid:FamilyVisaApplication[#10, CA-SARAH-1,CA-SIMON-2]
== Visas from rule unit == 
Visa[passport:AU-EMILY-3]
Visa[passport:AU-JAMES-4]
== Group leaders from rule unit == 
[Invalid:FamilyVisaApplication[#10, CA-SARAH-1,CA-SIMON-2]]
]]></system-out>
  </testcase>
  <testcase name="test_runStep2_invalidVisaApplication10isFoundOnlyOnce" classname="io.github.aasaru.droolsoopath.section08.FamilyVisaApplicationValidationOOTest" time="0.006">
    <system-out><![CDATA[Running step 2
==== DROOLS SESSION START ==== 
Passport[no:CA-SARAH-1, name:Sarah Murphy] is INVALID because it is expired
Set FamilyVisaApplication[#10, CA-SARAH-1,CA-SIMON-2] invalid as it contains invalid passport
Passport[no:CA-SIMON-2, name:Simon Murphy] is INVALID because it has no space for visa
Issue visa for passport number AU-EMILY-3
Issue visa for passport number AU-JAMES-4
==== DROOLS SESSION END ==== 
==== INVALID FAMILY VISA APPLICATIONS FROM RULE UNIT === 
Invalid:FamilyVisaApplication[#10, CA-SARAH-1,CA-SIMON-2]
== Visas from rule unit == 
Visa[passport:AU-EMILY-3]
Visa[passport:AU-JAMES-4]
== Group leaders from rule unit == 
[Invalid:FamilyVisaApplication[#10, CA-SARAH-1,CA-SIMON-2]]
]]></system-out>
  </testcase>
  <testcase name="testStep4_jamesIsSelectedAsGroupLeader" classname="io.github.aasaru.droolsoopath.section08.FamilyVisaApplicationValidationOOTest" time="0.007">
    <system-out><![CDATA[Running step 4
==== DROOLS SESSION START ==== 
Issue visa for passport number CA-SARAH-1
Issue visa for passport number CA-SIMON-2
Issue visa for passport number AU-EMILY-3
Issue visa for passport number AU-JAMES-4
Set Passport[no:AU-JAMES-4, name:James Brown] as group leader as the oldest person in group
Passport[no:CA-SARAH-1, name:Sarah Murphy] is INVALID because it is expired
Set FamilyVisaApplication[#10, CA-SARAH-1,CA-SIMON-2] invalid as it contains invalid passport
Passport[no:CA-SIMON-2, name:Simon Murphy] is INVALID because it has no space for visa
==== DROOLS SESSION END ==== 
==== INVALID FAMILY VISA APPLICATIONS FROM RULE UNIT === 
Invalid:FamilyVisaApplication[#10, CA-SARAH-1,CA-SIMON-2]
== Visas from rule unit == 
Visa[passport:AU-EMILY-3]
Visa[passport:AU-JAMES-4]
== Group leaders from rule unit == 
Visa Application #11 group leader is James Brown
[Invalid:FamilyVisaApplication[#10, CA-SARAH-1,CA-SIMON-2]]
]]></system-out>
  </testcase>
  <testcase name="testStep5_jamesIsSelectedAsGroupLeader" classname="io.github.aasaru.droolsoopath.section08.FamilyVisaApplicationValidationOOTest" time="0.407">
    <system-out><![CDATA[Running step 5
==== DROOLS SESSION START ==== 
Issue visa for passport number CA-SARAH-1
Issue visa for passport number CA-SIMON-2
Issue visa for passport number AU-EMILY-3
Issue visa for passport number AU-JAMES-4
Passport[no:CA-SARAH-1, name:Sarah Murphy] is INVALID because it is expired
Passport[no:CA-SIMON-2, name:Simon Murphy] is INVALID because it has no space for visa
Set FamilyVisaApplication[#10, CA-SARAH-1,CA-SIMON-2] invalid as it contains invalid passport
Set Passport[no:AU-JAMES-4, name:James Brown] as group leader as the oldest person in group
Everyone whose passport is in session is at least 10 years old
==== DROOLS SESSION END ==== 
==== INVALID FAMILY VISA APPLICATIONS FROM RULE UNIT === 
Invalid:FamilyVisaApplication[#10, CA-SARAH-1,CA-SIMON-2]
== Visas from rule unit == 
Visa[passport:AU-EMILY-3]
Visa[passport:AU-JAMES-4]
== Group leaders from rule unit == 
Visa Application #11 group leader is James Brown
[Invalid:FamilyVisaApplication[#10, CA-SARAH-1,CA-SIMON-2]]
]]></system-out>
  </testcase>
</testsuite>