<?xml version="1.0" encoding="UTF-8"?>
<testsuite name="com.kaleshrikant.drools.DroolsPracticeApplicationTests" tests="1" skipped="0" failures="0" errors="0" timestamp="2025-09-11T04:51:13.768Z" hostname="ThinkPad" time="0.669">
  <properties/>
  <testcase name="contextLoads()" classname="com.kaleshrikant.drools.DroolsPracticeApplicationTests" time="0.669"/>
  <system-out><![CDATA[10:21:12.883 [Test worker] INFO org.springframework.test.context.support.AnnotationConfigContextLoaderUtils -- Could not detect default configuration classes for test class [com.kaleshrikant.drools.DroolsPracticeApplicationTests]: DroolsPracticeApplicationTests does not declare any static, non-private, non-final, nested classes annotated with @Configuration.
10:21:12.971 [Test worker] INFO org.springframework.boot.test.context.SpringBootTestContextBootstrapper -- Found @SpringBootConfiguration com.kaleshrikant.drools.DroolsPracticeApplication for test class com.kaleshrikant.drools.DroolsPracticeApplicationTests

  .   ____          _            __ _ _
 /\\ / ___'_ __ _ _(_)_ __  __ _ \ \ \ \
( ( )\___ | '_ | '_| | '_ \/ _` | \ \ \ \
 \\/  ___)| |_)| | | | | || (_| |  ) ) ) )
  '  |____| .__|_| |_|_| |_\__, | / / / /
 =========|_|==============|___/=/_/_/_/

 :: Spring Boot ::                (v3.5.5)

2025-09-11T10:21:13.370+05:30  INFO 7285 --- [Drools-Practice] [    Test worker] c.k.d.DroolsPracticeApplicationTests     : Starting DroolsPracticeApplicationTests using Java 21.0.8 with PID 7285 (started by shrikant in /home/shrikant/WORK-SPACE/DROOLS/Drools/DROOLS-PRACTICE-STARTER/Drools-Practice)
2025-09-11T10:21:13.372+05:30  INFO 7285 --- [Drools-Practice] [    Test worker] c.k.d.DroolsPracticeApplicationTests     : No active profile set, falling back to 1 default profile: "default"
2025-09-11T10:21:13.761+05:30  INFO 7285 --- [Drools-Practice] [    Test worker] c.k.d.DroolsPracticeApplicationTests     : Started DroolsPracticeApplicationTests in 0.67 seconds (process running for 1.627)
]]></system-out>
  <system-err><![CDATA[Mockito is currently self-attaching to enable the inline-mock-maker. This will no longer work in future releases of the JDK. Please add Mockito as an agent to your build as described in Mockito's documentation: https://javadoc.io/doc/org.mockito/mockito-core/latest/org.mockito/org/mockito/Mockito.html#0.3
WARNING: A Java agent has been loaded dynamically (/home/shrikant/.gradle/caches/modules-2/files-2.1/net.bytebuddy/byte-buddy-agent/1.17.7/fbf3d6d649ed37fc9e9c59480a05be0a26e3c2da/byte-buddy-agent-1.17.7.jar)
WARNING: If a serviceability tool is in use, please run with -XX:+EnableDynamicAgentLoading to hide this warning
WARNING: If a serviceability tool is not in use, please run with -Djdk.instrument.traceUsage for more information
WARNING: Dynamic loading of agents will be disallowed by default in a future release
]]></system-err>
</testsuite>
